{"/Users/kosong/workspace/OtherProject/project_from_0/algorithm-implementation-js/algorithm/string-arithmetic/index.js":{"path":"/Users/kosong/workspace/OtherProject/project_from_0/algorithm-implementation-js/algorithm/string-arithmetic/index.js","s":{"1":1,"2":1,"3":35,"4":35,"5":191,"6":191,"7":35,"8":191,"9":33,"10":191,"11":35,"12":1,"13":18,"14":18,"15":18,"16":23,"17":23,"18":7,"19":7,"20":6,"21":6,"22":6,"23":6,"24":4,"25":4,"26":23,"27":23,"28":16,"29":16,"30":8,"31":7,"32":8,"33":4,"34":7,"35":18,"36":1,"37":3,"38":3,"39":3,"40":3,"41":68,"42":68,"43":37,"44":10,"45":27,"46":15,"47":15,"48":8,"49":7,"50":12,"51":31,"52":5,"53":5,"54":26,"55":31,"56":3,"57":3},"b":{"1":[226,98,193],"2":[35,156],"3":[33,158],"4":[7,6,6,4],"5":[16,7],"6":[8,8],"7":[7,1],"8":[4,4],"9":[37,31],"10":[10,27],"11":[37,33,27,27],"12":[15,12],"13":[27,19],"14":[8,7],"15":[5,26],"16":[31,29],"17":[2,3],"18":[3,28]},"f":{"1":18},"fnMap":{"1":{"name":"compute","line":19,"loc":{"start":{"line":19,"column":0},"end":{"line":19,"column":45}}}},"statementMap":{"1":{"start":{"line":1,"column":0},"end":{"line":1,"column":70}},"2":{"start":{"line":3,"column":0},"end":{"line":16,"column":2}},"3":{"start":{"line":4,"column":2},"end":{"line":4,"column":38}},"4":{"start":{"line":5,"column":2},"end":{"line":14,"column":3}},"5":{"start":{"line":6,"column":4},"end":{"line":6,"column":37}},"6":{"start":{"line":7,"column":4},"end":{"line":9,"column":5}},"7":{"start":{"line":8,"column":6},"end":{"line":8,"column":17}},"8":{"start":{"line":10,"column":4},"end":{"line":12,"column":5}},"9":{"start":{"line":11,"column":6},"end":{"line":11,"column":17}},"10":{"start":{"line":13,"column":4},"end":{"line":13,"column":8}},"11":{"start":{"line":15,"column":2},"end":{"line":15,"column":30}},"12":{"start":{"line":19,"column":0},"end":{"line":64,"column":1}},"13":{"start":{"line":20,"column":2},"end":{"line":20,"column":14}},"14":{"start":{"line":24,"column":2},"end":{"line":24,"column":23}},"15":{"start":{"line":25,"column":2},"end":{"line":61,"column":3}},"16":{"start":{"line":26,"column":4},"end":{"line":28,"column":37}},"17":{"start":{"line":29,"column":4},"end":{"line":42,"column":5}},"18":{"start":{"line":31,"column":8},"end":{"line":31,"column":26}},"19":{"start":{"line":32,"column":8},"end":{"line":32,"column":14}},"20":{"start":{"line":34,"column":8},"end":{"line":34,"column":26}},"21":{"start":{"line":35,"column":8},"end":{"line":35,"column":14}},"22":{"start":{"line":37,"column":8},"end":{"line":37,"column":26}},"23":{"start":{"line":38,"column":8},"end":{"line":38,"column":14}},"24":{"start":{"line":40,"column":8},"end":{"line":40,"column":26}},"25":{"start":{"line":41,"column":8},"end":{"line":41,"column":14}},"26":{"start":{"line":43,"column":4},"end":{"line":43,"column":24}},"27":{"start":{"line":45,"column":4},"end":{"line":58,"column":5}},"28":{"start":{"line":47,"column":6},"end":{"line":47,"column":44}},"29":{"start":{"line":48,"column":6},"end":{"line":54,"column":7}},"30":{"start":{"line":49,"column":8},"end":{"line":51,"column":9}},"31":{"start":{"line":50,"column":10},"end":{"line":50,"column":28}},"32":{"start":{"line":52,"column":13},"end":{"line":54,"column":7}},"33":{"start":{"line":53,"column":8},"end":{"line":53,"column":26}},"34":{"start":{"line":57,"column":6},"end":{"line":57,"column":24}},"35":{"start":{"line":63,"column":2},"end":{"line":63,"column":32}},"36":{"start":{"line":66,"column":0},"end":{"line":106,"column":1}},"37":{"start":{"line":68,"column":2},"end":{"line":68,"column":37}},"38":{"start":{"line":70,"column":2},"end":{"line":70,"column":45}},"39":{"start":{"line":71,"column":2},"end":{"line":71,"column":26}},"40":{"start":{"line":72,"column":2},"end":{"line":104,"column":3}},"41":{"start":{"line":73,"column":4},"end":{"line":73,"column":25}},"42":{"start":{"line":76,"column":4},"end":{"line":103,"column":5}},"43":{"start":{"line":77,"column":6},"end":{"line":90,"column":7}},"44":{"start":{"line":79,"column":8},"end":{"line":79,"column":29}},"45":{"start":{"line":80,"column":13},"end":{"line":90,"column":7}},"46":{"start":{"line":82,"column":8},"end":{"line":82,"column":69}},"47":{"start":{"line":83,"column":8},"end":{"line":87,"column":9}},"48":{"start":{"line":84,"column":10},"end":{"line":84,"column":31}},"49":{"start":{"line":86,"column":10},"end":{"line":86,"column":26}},"50":{"start":{"line":89,"column":8},"end":{"line":89,"column":29}},"51":{"start":{"line":92,"column":6},"end":{"line":99,"column":7}},"52":{"start":{"line":93,"column":8},"end":{"line":93,"column":67}},"53":{"start":{"line":94,"column":8},"end":{"line":96,"column":17}},"54":{"start":{"line":98,"column":8},"end":{"line":98,"column":29}},"55":{"start":{"line":100,"column":6},"end":{"line":102,"column":7}},"56":{"start":{"line":101,"column":8},"end":{"line":101,"column":69}},"57":{"start":{"line":105,"column":2},"end":{"line":105,"column":25}}},"branchMap":{"1":{"line":5,"type":"binary-expr","locations":[{"start":{"line":5,"column":10},"end":{"line":5,"column":23}},{"start":{"line":5,"column":27},"end":{"line":5,"column":40}},{"start":{"line":5,"column":45},"end":{"line":5,"column":74}}]},"2":{"line":7,"type":"if","locations":[{"start":{"line":7,"column":4},"end":{"line":7,"column":4}},{"start":{"line":7,"column":4},"end":{"line":7,"column":4}}]},"3":{"line":10,"type":"if","locations":[{"start":{"line":10,"column":4},"end":{"line":10,"column":4}},{"start":{"line":10,"column":4},"end":{"line":10,"column":4}}]},"4":{"line":29,"type":"switch","locations":[{"start":{"line":30,"column":6},"end":{"line":32,"column":14}},{"start":{"line":33,"column":6},"end":{"line":35,"column":14}},{"start":{"line":36,"column":6},"end":{"line":38,"column":14}},{"start":{"line":39,"column":6},"end":{"line":41,"column":14}}]},"5":{"line":45,"type":"if","locations":[{"start":{"line":45,"column":4},"end":{"line":45,"column":4}},{"start":{"line":45,"column":4},"end":{"line":45,"column":4}}]},"6":{"line":48,"type":"if","locations":[{"start":{"line":48,"column":6},"end":{"line":48,"column":6}},{"start":{"line":48,"column":6},"end":{"line":48,"column":6}}]},"7":{"line":49,"type":"if","locations":[{"start":{"line":49,"column":8},"end":{"line":49,"column":8}},{"start":{"line":49,"column":8},"end":{"line":49,"column":8}}]},"8":{"line":52,"type":"if","locations":[{"start":{"line":52,"column":13},"end":{"line":52,"column":13}},{"start":{"line":52,"column":13},"end":{"line":52,"column":13}}]},"9":{"line":76,"type":"if","locations":[{"start":{"line":76,"column":4},"end":{"line":76,"column":4}},{"start":{"line":76,"column":4},"end":{"line":76,"column":4}}]},"10":{"line":77,"type":"if","locations":[{"start":{"line":77,"column":6},"end":{"line":77,"column":6}},{"start":{"line":77,"column":6},"end":{"line":77,"column":6}}]},"11":{"line":77,"type":"binary-expr","locations":[{"start":{"line":77,"column":10},"end":{"line":77,"column":32}},{"start":{"line":77,"column":36},"end":{"line":77,"column":48}},{"start":{"line":77,"column":52},"end":{"line":77,"column":64}},{"start":{"line":77,"column":68},"end":{"line":77,"column":80}}]},"12":{"line":80,"type":"if","locations":[{"start":{"line":80,"column":13},"end":{"line":80,"column":13}},{"start":{"line":80,"column":13},"end":{"line":80,"column":13}}]},"13":{"line":80,"type":"binary-expr","locations":[{"start":{"line":80,"column":17},"end":{"line":80,"column":73}},{"start":{"line":80,"column":77},"end":{"line":80,"column":101}}]},"14":{"line":83,"type":"if","locations":[{"start":{"line":83,"column":8},"end":{"line":83,"column":8}},{"start":{"line":83,"column":8},"end":{"line":83,"column":8}}]},"15":{"line":92,"type":"if","locations":[{"start":{"line":92,"column":6},"end":{"line":92,"column":6}},{"start":{"line":92,"column":6},"end":{"line":92,"column":6}}]},"16":{"line":92,"type":"binary-expr","locations":[{"start":{"line":92,"column":10},"end":{"line":92,"column":23}},{"start":{"line":92,"column":27},"end":{"line":92,"column":56}}]},"17":{"line":95,"type":"cond-expr","locations":[{"start":{"line":95,"column":37},"end":{"line":95,"column":57}},{"start":{"line":95,"column":60},"end":{"line":95,"column":61}}]},"18":{"line":100,"type":"if","locations":[{"start":{"line":100,"column":6},"end":{"line":100,"column":6}},{"start":{"line":100,"column":6},"end":{"line":100,"column":6}}]}}}}