TN:
SF:/Users/kosong/workspace/OtherProject/project_from_0/algorithm-implementation-js/algorithm/string-arithmetic/index.js
FN:19,compute
FNF:1
FNH:1
FNDA:18,compute
DA:1,1
DA:3,1
DA:4,35
DA:5,35
DA:6,191
DA:7,191
DA:8,35
DA:10,191
DA:11,33
DA:13,191
DA:15,35
DA:19,1
DA:20,18
DA:24,18
DA:25,18
DA:26,23
DA:29,23
DA:31,7
DA:32,7
DA:34,6
DA:35,6
DA:37,6
DA:38,6
DA:40,4
DA:41,4
DA:43,23
DA:45,23
DA:47,16
DA:48,16
DA:49,8
DA:50,7
DA:52,8
DA:53,4
DA:57,7
DA:63,18
DA:66,1
DA:68,3
DA:70,3
DA:71,3
DA:72,3
DA:73,68
DA:76,68
DA:77,37
DA:79,10
DA:80,27
DA:82,15
DA:83,15
DA:84,8
DA:86,7
DA:89,12
DA:92,31
DA:93,5
DA:94,5
DA:98,26
DA:100,31
DA:101,3
DA:105,3
LF:57
LH:57
BRDA:5,1,0,226
BRDA:5,1,1,98
BRDA:5,1,2,193
BRDA:7,2,0,35
BRDA:7,2,1,156
BRDA:10,3,0,33
BRDA:10,3,1,158
BRDA:29,4,0,7
BRDA:29,4,1,6
BRDA:29,4,2,6
BRDA:29,4,3,4
BRDA:45,5,0,16
BRDA:45,5,1,7
BRDA:48,6,0,8
BRDA:48,6,1,8
BRDA:49,7,0,7
BRDA:49,7,1,1
BRDA:52,8,0,4
BRDA:52,8,1,4
BRDA:76,9,0,37
BRDA:76,9,1,31
BRDA:77,10,0,10
BRDA:77,10,1,27
BRDA:77,11,0,37
BRDA:77,11,1,33
BRDA:77,11,2,27
BRDA:77,11,3,27
BRDA:80,12,0,15
BRDA:80,12,1,12
BRDA:80,13,0,27
BRDA:80,13,1,19
BRDA:83,14,0,8
BRDA:83,14,1,7
BRDA:92,15,0,5
BRDA:92,15,1,26
BRDA:92,16,0,31
BRDA:92,16,1,29
BRDA:95,17,0,2
BRDA:95,17,1,3
BRDA:100,18,0,3
BRDA:100,18,1,28
BRF:41
BRH:41
end_of_record
