TN:
SF:/Users/kosong/workspace/OtherProject/project_from_0/algorithm-implementation-js/algorithm/string-arithmetic/index.js
FN:19,compute
FNF:1
FNH:1
FNDA:54,compute
DA:1,1
DA:3,1
DA:4,97
DA:5,97
DA:6,510
DA:7,510
DA:8,97
DA:10,510
DA:11,93
DA:13,510
DA:15,97
DA:19,1
DA:20,54
DA:24,54
DA:25,54
DA:26,69
DA:29,69
DA:31,19
DA:32,19
DA:34,15
DA:35,15
DA:37,17
DA:38,17
DA:40,18
DA:41,18
DA:43,69
DA:45,69
DA:47,40
DA:48,40
DA:49,19
DA:50,15
DA:52,21
DA:53,10
DA:57,29
DA:63,54
DA:66,1
DA:68,8
DA:70,8
DA:71,8
DA:72,8
DA:73,219
DA:76,219
DA:77,99
DA:79,23
DA:80,76
DA:82,46
DA:83,46
DA:84,31
DA:86,15
DA:89,30
DA:92,120
DA:93,43
DA:94,43
DA:98,77
DA:101,219
DA:103,8
DA:106,8
LF:57
LH:57
BRDA:5,1,0,607
BRDA:5,1,1,236
BRDA:5,1,2,514
BRDA:7,2,0,97
BRDA:7,2,1,413
BRDA:10,3,0,93
BRDA:10,3,1,417
BRDA:29,4,0,19
BRDA:29,4,1,15
BRDA:29,4,2,17
BRDA:29,4,3,18
BRDA:45,5,0,40
BRDA:45,5,1,29
BRDA:48,6,0,19
BRDA:48,6,1,21
BRDA:49,7,0,15
BRDA:49,7,1,4
BRDA:52,8,0,10
BRDA:52,8,1,11
BRDA:76,9,0,99
BRDA:76,9,1,120
BRDA:77,10,0,23
BRDA:77,10,1,76
BRDA:77,11,0,99
BRDA:77,11,1,89
BRDA:77,11,2,78
BRDA:77,11,3,76
BRDA:80,12,0,46
BRDA:80,12,1,30
BRDA:80,13,0,76
BRDA:80,13,1,45
BRDA:83,14,0,31
BRDA:83,14,1,15
BRDA:92,15,0,43
BRDA:92,15,1,77
BRDA:92,16,0,120
BRDA:92,16,1,114
BRDA:95,17,0,34
BRDA:95,17,1,9
BRDA:101,18,0,8
BRDA:101,18,1,211
BRDA:101,19,0,219
BRDA:101,19,1,8
BRF:43
BRH:43
end_of_record
